
a.out:     file format elf64-x86-64


Disassembly of section .init:

0000000000400778 <_init>:
  400778:	48 83 ec 08          	sub    $0x8,%rsp
  40077c:	48 8b 05 fd 0b 20 00 	mov    0x200bfd(%rip),%rax        # 601380 <_DYNAMIC+0x210>
  400783:	48 85 c0             	test   %rax,%rax
  400786:	74 05                	je     40078d <_init+0x15>
  400788:	e8 c3 00 00 00       	callq  400850 <__gmon_start__@plt>
  40078d:	48 83 c4 08          	add    $0x8,%rsp
  400791:	c3                   	retq   

Disassembly of section .plt:

00000000004007a0 <SDL_Quit@plt-0x10>:
  4007a0:	ff 35 ea 0b 20 00    	pushq  0x200bea(%rip)        # 601390 <_GLOBAL_OFFSET_TABLE_+0x8>
  4007a6:	ff 25 ec 0b 20 00    	jmpq   *0x200bec(%rip)        # 601398 <_GLOBAL_OFFSET_TABLE_+0x10>
  4007ac:	0f 1f 40 00          	nopl   0x0(%rax)

00000000004007b0 <SDL_Quit@plt>:
  4007b0:	ff 25 ea 0b 20 00    	jmpq   *0x200bea(%rip)        # 6013a0 <_GLOBAL_OFFSET_TABLE_+0x18>
  4007b6:	68 00 00 00 00       	pushq  $0x0
  4007bb:	e9 e0 ff ff ff       	jmpq   4007a0 <_init+0x28>

00000000004007c0 <SDL_Flip@plt>:
  4007c0:	ff 25 e2 0b 20 00    	jmpq   *0x200be2(%rip)        # 6013a8 <_GLOBAL_OFFSET_TABLE_+0x20>
  4007c6:	68 01 00 00 00       	pushq  $0x1
  4007cb:	e9 d0 ff ff ff       	jmpq   4007a0 <_init+0x28>

00000000004007d0 <SDL_RWFromFile@plt>:
  4007d0:	ff 25 da 0b 20 00    	jmpq   *0x200bda(%rip)        # 6013b0 <_GLOBAL_OFFSET_TABLE_+0x28>
  4007d6:	68 02 00 00 00       	pushq  $0x2
  4007db:	e9 c0 ff ff ff       	jmpq   4007a0 <_init+0x28>

00000000004007e0 <SDL_Delay@plt>:
  4007e0:	ff 25 d2 0b 20 00    	jmpq   *0x200bd2(%rip)        # 6013b8 <_GLOBAL_OFFSET_TABLE_+0x30>
  4007e6:	68 03 00 00 00       	pushq  $0x3
  4007eb:	e9 b0 ff ff ff       	jmpq   4007a0 <_init+0x28>

00000000004007f0 <SDL_UpperBlit@plt>:
  4007f0:	ff 25 ca 0b 20 00    	jmpq   *0x200bca(%rip)        # 6013c0 <_GLOBAL_OFFSET_TABLE_+0x38>
  4007f6:	68 04 00 00 00       	pushq  $0x4
  4007fb:	e9 a0 ff ff ff       	jmpq   4007a0 <_init+0x28>

0000000000400800 <SDL_Init@plt>:
  400800:	ff 25 c2 0b 20 00    	jmpq   *0x200bc2(%rip)        # 6013c8 <_GLOBAL_OFFSET_TABLE_+0x40>
  400806:	68 05 00 00 00       	pushq  $0x5
  40080b:	e9 90 ff ff ff       	jmpq   4007a0 <_init+0x28>

0000000000400810 <SDL_LoadBMP_RW@plt>:
  400810:	ff 25 ba 0b 20 00    	jmpq   *0x200bba(%rip)        # 6013d0 <_GLOBAL_OFFSET_TABLE_+0x48>
  400816:	68 06 00 00 00       	pushq  $0x6
  40081b:	e9 80 ff ff ff       	jmpq   4007a0 <_init+0x28>

0000000000400820 <SDL_SetVideoMode@plt>:
  400820:	ff 25 b2 0b 20 00    	jmpq   *0x200bb2(%rip)        # 6013d8 <_GLOBAL_OFFSET_TABLE_+0x50>
  400826:	68 07 00 00 00       	pushq  $0x7
  40082b:	e9 70 ff ff ff       	jmpq   4007a0 <_init+0x28>

0000000000400830 <_Znwm@plt>:
  400830:	ff 25 aa 0b 20 00    	jmpq   *0x200baa(%rip)        # 6013e0 <_GLOBAL_OFFSET_TABLE_+0x58>
  400836:	68 08 00 00 00       	pushq  $0x8
  40083b:	e9 60 ff ff ff       	jmpq   4007a0 <_init+0x28>

0000000000400840 <__libc_start_main@plt>:
  400840:	ff 25 a2 0b 20 00    	jmpq   *0x200ba2(%rip)        # 6013e8 <_GLOBAL_OFFSET_TABLE_+0x60>
  400846:	68 09 00 00 00       	pushq  $0x9
  40084b:	e9 50 ff ff ff       	jmpq   4007a0 <_init+0x28>

0000000000400850 <__gmon_start__@plt>:
  400850:	ff 25 9a 0b 20 00    	jmpq   *0x200b9a(%rip)        # 6013f0 <_GLOBAL_OFFSET_TABLE_+0x68>
  400856:	68 0a 00 00 00       	pushq  $0xa
  40085b:	e9 40 ff ff ff       	jmpq   4007a0 <_init+0x28>

Disassembly of section .text:

0000000000400860 <_start>:
  400860:	31 ed                	xor    %ebp,%ebp
  400862:	49 89 d1             	mov    %rdx,%r9
  400865:	5e                   	pop    %rsi
  400866:	48 89 e2             	mov    %rsp,%rdx
  400869:	48 83 e4 f0          	and    $0xfffffffffffffff0,%rsp
  40086d:	50                   	push   %rax
  40086e:	54                   	push   %rsp
  40086f:	49 c7 c0 80 0d 40 00 	mov    $0x400d80,%r8
  400876:	48 c7 c1 10 0d 40 00 	mov    $0x400d10,%rcx
  40087d:	48 c7 c7 59 0c 40 00 	mov    $0x400c59,%rdi
  400884:	e8 b7 ff ff ff       	callq  400840 <__libc_start_main@plt>
  400889:	f4                   	hlt    
  40088a:	66 0f 1f 44 00 00    	nopw   0x0(%rax,%rax,1)

0000000000400890 <deregister_tm_clones>:
  400890:	b8 0f 14 60 00       	mov    $0x60140f,%eax
  400895:	55                   	push   %rbp
  400896:	48 2d 08 14 60 00    	sub    $0x601408,%rax
  40089c:	48 83 f8 0e          	cmp    $0xe,%rax
  4008a0:	48 89 e5             	mov    %rsp,%rbp
  4008a3:	76 1b                	jbe    4008c0 <deregister_tm_clones+0x30>
  4008a5:	b8 00 00 00 00       	mov    $0x0,%eax
  4008aa:	48 85 c0             	test   %rax,%rax
  4008ad:	74 11                	je     4008c0 <deregister_tm_clones+0x30>
  4008af:	5d                   	pop    %rbp
  4008b0:	bf 08 14 60 00       	mov    $0x601408,%edi
  4008b5:	ff e0                	jmpq   *%rax
  4008b7:	66 0f 1f 84 00 00 00 	nopw   0x0(%rax,%rax,1)
  4008be:	00 00 
  4008c0:	5d                   	pop    %rbp
  4008c1:	c3                   	retq   
  4008c2:	0f 1f 40 00          	nopl   0x0(%rax)
  4008c6:	66 2e 0f 1f 84 00 00 	nopw   %cs:0x0(%rax,%rax,1)
  4008cd:	00 00 00 

00000000004008d0 <register_tm_clones>:
  4008d0:	be 08 14 60 00       	mov    $0x601408,%esi
  4008d5:	55                   	push   %rbp
  4008d6:	48 81 ee 08 14 60 00 	sub    $0x601408,%rsi
  4008dd:	48 c1 fe 03          	sar    $0x3,%rsi
  4008e1:	48 89 e5             	mov    %rsp,%rbp
  4008e4:	48 89 f0             	mov    %rsi,%rax
  4008e7:	48 c1 e8 3f          	shr    $0x3f,%rax
  4008eb:	48 01 c6             	add    %rax,%rsi
  4008ee:	48 d1 fe             	sar    %rsi
  4008f1:	74 15                	je     400908 <register_tm_clones+0x38>
  4008f3:	b8 00 00 00 00       	mov    $0x0,%eax
  4008f8:	48 85 c0             	test   %rax,%rax
  4008fb:	74 0b                	je     400908 <register_tm_clones+0x38>
  4008fd:	5d                   	pop    %rbp
  4008fe:	bf 08 14 60 00       	mov    $0x601408,%edi
  400903:	ff e0                	jmpq   *%rax
  400905:	0f 1f 00             	nopl   (%rax)
  400908:	5d                   	pop    %rbp
  400909:	c3                   	retq   
  40090a:	66 0f 1f 44 00 00    	nopw   0x0(%rax,%rax,1)

0000000000400910 <__do_global_dtors_aux>:
  400910:	80 3d f1 0a 20 00 00 	cmpb   $0x0,0x200af1(%rip)        # 601408 <__TMC_END__>
  400917:	75 11                	jne    40092a <__do_global_dtors_aux+0x1a>
  400919:	55                   	push   %rbp
  40091a:	48 89 e5             	mov    %rsp,%rbp
  40091d:	e8 6e ff ff ff       	callq  400890 <deregister_tm_clones>
  400922:	5d                   	pop    %rbp
  400923:	c6 05 de 0a 20 00 01 	movb   $0x1,0x200ade(%rip)        # 601408 <__TMC_END__>
  40092a:	f3 c3                	repz retq 
  40092c:	0f 1f 40 00          	nopl   0x0(%rax)

0000000000400930 <frame_dummy>:
  400930:	bf 68 11 60 00       	mov    $0x601168,%edi
  400935:	48 83 3f 00          	cmpq   $0x0,(%rdi)
  400939:	75 05                	jne    400940 <frame_dummy+0x10>
  40093b:	eb 93                	jmp    4008d0 <register_tm_clones>
  40093d:	0f 1f 00             	nopl   (%rax)
  400940:	b8 00 00 00 00       	mov    $0x0,%eax
  400945:	48 85 c0             	test   %rax,%rax
  400948:	74 f1                	je     40093b <frame_dummy+0xb>
  40094a:	55                   	push   %rbp
  40094b:	48 89 e5             	mov    %rsp,%rbp
  40094e:	ff d0                	callq  *%rax
  400950:	5d                   	pop    %rbp
  400951:	e9 7a ff ff ff       	jmpq   4008d0 <register_tm_clones>

0000000000400956 <_ZN9AnimationC1Ev>:
  400956:	55                   	push   %rbp
  400957:	48 89 e5             	mov    %rsp,%rbp
  40095a:	48 89 7d f8          	mov    %rdi,-0x8(%rbp)
  40095e:	90                   	nop
  40095f:	5d                   	pop    %rbp
  400960:	c3                   	retq   
  400961:	90                   	nop

0000000000400962 <_ZN9AnimationC1Eii>:
  400962:	55                   	push   %rbp
  400963:	48 89 e5             	mov    %rsp,%rbp
  400966:	48 89 7d f8          	mov    %rdi,-0x8(%rbp)
  40096a:	89 75 f4             	mov    %esi,-0xc(%rbp)
  40096d:	89 55 f0             	mov    %edx,-0x10(%rbp)
  400970:	90                   	nop
  400971:	5d                   	pop    %rbp
  400972:	c3                   	retq   
  400973:	90                   	nop

0000000000400974 <_ZN9Animation9getFramesEv>:
  400974:	55                   	push   %rbp
  400975:	48 89 e5             	mov    %rsp,%rbp
  400978:	48 89 7d f8          	mov    %rdi,-0x8(%rbp)
  40097c:	48 8b 45 f8          	mov    -0x8(%rbp),%rax
  400980:	8b 10                	mov    (%rax),%edx
  400982:	48 8b 45 f8          	mov    -0x8(%rbp),%rax
  400986:	8b 40 04             	mov    0x4(%rax),%eax
  400989:	0f af c2             	imul   %edx,%eax
  40098c:	5d                   	pop    %rbp
  40098d:	c3                   	retq   

000000000040098e <_ZN9Animation10getColumnsEv>:
  40098e:	55                   	push   %rbp
  40098f:	48 89 e5             	mov    %rsp,%rbp
  400992:	48 89 7d f8          	mov    %rdi,-0x8(%rbp)
  400996:	48 8b 45 f8          	mov    -0x8(%rbp),%rax
  40099a:	8b 40 04             	mov    0x4(%rax),%eax
  40099d:	5d                   	pop    %rbp
  40099e:	c3                   	retq   
  40099f:	90                   	nop

00000000004009a0 <_ZN9Animation7getRowsEv>:
  4009a0:	55                   	push   %rbp
  4009a1:	48 89 e5             	mov    %rsp,%rbp
  4009a4:	48 89 7d f8          	mov    %rdi,-0x8(%rbp)
  4009a8:	48 8b 45 f8          	mov    -0x8(%rbp),%rax
  4009ac:	8b 00                	mov    (%rax),%eax
  4009ae:	5d                   	pop    %rbp
  4009af:	c3                   	retq   

00000000004009b0 <_ZN9Animation8getFrameEv>:
  4009b0:	55                   	push   %rbp
  4009b1:	48 89 e5             	mov    %rsp,%rbp
  4009b4:	48 83 ec 20          	sub    $0x20,%rsp
  4009b8:	48 89 7d e8          	mov    %rdi,-0x18(%rbp)
  4009bc:	bf 08 00 00 00       	mov    $0x8,%edi
  4009c1:	e8 6a fe ff ff       	callq  400830 <_Znwm@plt>
  4009c6:	66 c7 00 00 00       	movw   $0x0,(%rax)
  4009cb:	66 c7 40 02 00 00    	movw   $0x0,0x2(%rax)
  4009d1:	66 c7 40 04 00 00    	movw   $0x0,0x4(%rax)
  4009d7:	66 c7 40 06 00 00    	movw   $0x0,0x6(%rax)
  4009dd:	48 89 45 f8          	mov    %rax,-0x8(%rbp)
  4009e1:	48 8b 45 e8          	mov    -0x18(%rbp),%rax
  4009e5:	8b 40 08             	mov    0x8(%rax),%eax
  4009e8:	89 c2                	mov    %eax,%edx
  4009ea:	48 8b 45 e8          	mov    -0x18(%rbp),%rax
  4009ee:	8b 40 14             	mov    0x14(%rax),%eax
  4009f1:	0f af c2             	imul   %edx,%eax
  4009f4:	89 c2                	mov    %eax,%edx
  4009f6:	48 8b 45 f8          	mov    -0x8(%rbp),%rax
  4009fa:	66 89 10             	mov    %dx,(%rax)
  4009fd:	48 8b 45 e8          	mov    -0x18(%rbp),%rax
  400a01:	8b 40 0c             	mov    0xc(%rax),%eax
  400a04:	89 c2                	mov    %eax,%edx
  400a06:	48 8b 45 e8          	mov    -0x18(%rbp),%rax
  400a0a:	8b 40 10             	mov    0x10(%rax),%eax
  400a0d:	0f af c2             	imul   %edx,%eax
  400a10:	89 c2                	mov    %eax,%edx
  400a12:	48 8b 45 f8          	mov    -0x8(%rbp),%rax
  400a16:	66 89 50 02          	mov    %dx,0x2(%rax)
  400a1a:	48 8b 45 e8          	mov    -0x18(%rbp),%rax
  400a1e:	8b 40 14             	mov    0x14(%rax),%eax
  400a21:	89 c2                	mov    %eax,%edx
  400a23:	48 8b 45 f8          	mov    -0x8(%rbp),%rax
  400a27:	66 89 50 04          	mov    %dx,0x4(%rax)
  400a2b:	48 8b 45 e8          	mov    -0x18(%rbp),%rax
  400a2f:	8b 40 10             	mov    0x10(%rax),%eax
  400a32:	89 c2                	mov    %eax,%edx
  400a34:	48 8b 45 f8          	mov    -0x8(%rbp),%rax
  400a38:	66 89 50 06          	mov    %dx,0x6(%rax)
  400a3c:	48 8b 45 f8          	mov    -0x8(%rbp),%rax
  400a40:	c9                   	leaveq 
  400a41:	c3                   	retq   

0000000000400a42 <_ZN6CameraC1Ev>:
  400a42:	55                   	push   %rbp
  400a43:	48 89 e5             	mov    %rsp,%rbp
  400a46:	48 83 ec 10          	sub    $0x10,%rsp
  400a4a:	48 89 7d f8          	mov    %rdi,-0x8(%rbp)
  400a4e:	48 8b 45 f8          	mov    -0x8(%rbp),%rax
  400a52:	c7 00 00 00 00 00    	movl   $0x0,(%rax)
  400a58:	48 8b 45 f8          	mov    -0x8(%rbp),%rax
  400a5c:	c7 40 04 00 00 00 00 	movl   $0x0,0x4(%rax)
  400a63:	48 8b 45 f8          	mov    -0x8(%rbp),%rax
  400a67:	c7 40 08 64 00 00 00 	movl   $0x64,0x8(%rax)
  400a6e:	48 8b 45 f8          	mov    -0x8(%rbp),%rax
  400a72:	c7 40 0c 64 00 00 00 	movl   $0x64,0xc(%rax)
  400a79:	bf 08 00 00 00       	mov    $0x8,%edi
  400a7e:	e8 ad fd ff ff       	callq  400830 <_Znwm@plt>
  400a83:	66 c7 00 00 00       	movw   $0x0,(%rax)
  400a88:	66 c7 40 02 00 00    	movw   $0x0,0x2(%rax)
  400a8e:	66 c7 40 04 00 00    	movw   $0x0,0x4(%rax)
  400a94:	66 c7 40 06 00 00    	movw   $0x0,0x6(%rax)
  400a9a:	48 8b 55 f8          	mov    -0x8(%rbp),%rdx
  400a9e:	48 89 42 10          	mov    %rax,0x10(%rdx)
  400aa2:	90                   	nop
  400aa3:	c9                   	leaveq 
  400aa4:	c3                   	retq   
  400aa5:	90                   	nop

0000000000400aa6 <_ZN6Camera1XEv>:
  400aa6:	55                   	push   %rbp
  400aa7:	48 89 e5             	mov    %rsp,%rbp
  400aaa:	48 89 7d f8          	mov    %rdi,-0x8(%rbp)
  400aae:	48 8b 45 f8          	mov    -0x8(%rbp),%rax
  400ab2:	8b 00                	mov    (%rax),%eax
  400ab4:	5d                   	pop    %rbp
  400ab5:	c3                   	retq   

0000000000400ab6 <_ZN6Camera1XEi>:
  400ab6:	55                   	push   %rbp
  400ab7:	48 89 e5             	mov    %rsp,%rbp
  400aba:	48 83 ec 10          	sub    $0x10,%rsp
  400abe:	48 89 7d f8          	mov    %rdi,-0x8(%rbp)
  400ac2:	89 75 f4             	mov    %esi,-0xc(%rbp)
  400ac5:	48 8b 45 f8          	mov    -0x8(%rbp),%rax
  400ac9:	8b 55 f4             	mov    -0xc(%rbp),%edx
  400acc:	89 10                	mov    %edx,(%rax)
  400ace:	48 8b 45 f8          	mov    -0x8(%rbp),%rax
  400ad2:	48 89 c7             	mov    %rax,%rdi
  400ad5:	e8 b8 00 00 00       	callq  400b92 <_ZN6Camera10updateRectEv>
  400ada:	90                   	nop
  400adb:	c9                   	leaveq 
  400adc:	c3                   	retq   
  400add:	90                   	nop

0000000000400ade <_ZN6Camera1YEv>:
  400ade:	55                   	push   %rbp
  400adf:	48 89 e5             	mov    %rsp,%rbp
  400ae2:	48 89 7d f8          	mov    %rdi,-0x8(%rbp)
  400ae6:	48 8b 45 f8          	mov    -0x8(%rbp),%rax
  400aea:	8b 40 04             	mov    0x4(%rax),%eax
  400aed:	5d                   	pop    %rbp
  400aee:	c3                   	retq   
  400aef:	90                   	nop

0000000000400af0 <_ZN6Camera1YEi>:
  400af0:	55                   	push   %rbp
  400af1:	48 89 e5             	mov    %rsp,%rbp
  400af4:	48 83 ec 10          	sub    $0x10,%rsp
  400af8:	48 89 7d f8          	mov    %rdi,-0x8(%rbp)
  400afc:	89 75 f4             	mov    %esi,-0xc(%rbp)
  400aff:	48 8b 45 f8          	mov    -0x8(%rbp),%rax
  400b03:	8b 55 f4             	mov    -0xc(%rbp),%edx
  400b06:	89 50 04             	mov    %edx,0x4(%rax)
  400b09:	48 8b 45 f8          	mov    -0x8(%rbp),%rax
  400b0d:	48 89 c7             	mov    %rax,%rdi
  400b10:	e8 7d 00 00 00       	callq  400b92 <_ZN6Camera10updateRectEv>
  400b15:	90                   	nop
  400b16:	c9                   	leaveq 
  400b17:	c3                   	retq   

0000000000400b18 <_ZN6Camera4ZoomEi>:
  400b18:	55                   	push   %rbp
  400b19:	48 89 e5             	mov    %rsp,%rbp
  400b1c:	48 83 ec 10          	sub    $0x10,%rsp
  400b20:	48 89 7d f8          	mov    %rdi,-0x8(%rbp)
  400b24:	89 75 f4             	mov    %esi,-0xc(%rbp)
  400b27:	48 8b 45 f8          	mov    -0x8(%rbp),%rax
  400b2b:	8b 10                	mov    (%rax),%edx
  400b2d:	8b 45 f4             	mov    -0xc(%rbp),%eax
  400b30:	01 c2                	add    %eax,%edx
  400b32:	48 8b 45 f8          	mov    -0x8(%rbp),%rax
  400b36:	89 10                	mov    %edx,(%rax)
  400b38:	48 8b 45 f8          	mov    -0x8(%rbp),%rax
  400b3c:	8b 50 04             	mov    0x4(%rax),%edx
  400b3f:	8b 45 f4             	mov    -0xc(%rbp),%eax
  400b42:	01 c2                	add    %eax,%edx
  400b44:	48 8b 45 f8          	mov    -0x8(%rbp),%rax
  400b48:	89 50 04             	mov    %edx,0x4(%rax)
  400b4b:	48 8b 45 f8          	mov    -0x8(%rbp),%rax
  400b4f:	8b 50 0c             	mov    0xc(%rax),%edx
  400b52:	8b 45 f4             	mov    -0xc(%rbp),%eax
  400b55:	01 c2                	add    %eax,%edx
  400b57:	48 8b 45 f8          	mov    -0x8(%rbp),%rax
  400b5b:	89 50 0c             	mov    %edx,0xc(%rax)
  400b5e:	48 8b 45 f8          	mov    -0x8(%rbp),%rax
  400b62:	8b 50 08             	mov    0x8(%rax),%edx
  400b65:	8b 45 f4             	mov    -0xc(%rbp),%eax
  400b68:	01 c2                	add    %eax,%edx
  400b6a:	48 8b 45 f8          	mov    -0x8(%rbp),%rax
  400b6e:	89 50 08             	mov    %edx,0x8(%rax)
  400b71:	48 8b 45 f8          	mov    -0x8(%rbp),%rax
  400b75:	48 89 c7             	mov    %rax,%rdi
  400b78:	e8 15 00 00 00       	callq  400b92 <_ZN6Camera10updateRectEv>
  400b7d:	90                   	nop
  400b7e:	c9                   	leaveq 
  400b7f:	c3                   	retq   

0000000000400b80 <_ZN6Camera7getRectEv>:
  400b80:	55                   	push   %rbp
  400b81:	48 89 e5             	mov    %rsp,%rbp
  400b84:	48 89 7d f8          	mov    %rdi,-0x8(%rbp)
  400b88:	48 8b 45 f8          	mov    -0x8(%rbp),%rax
  400b8c:	48 8b 40 10          	mov    0x10(%rax),%rax
  400b90:	5d                   	pop    %rbp
  400b91:	c3                   	retq   

0000000000400b92 <_ZN6Camera10updateRectEv>:
  400b92:	55                   	push   %rbp
  400b93:	48 89 e5             	mov    %rsp,%rbp
  400b96:	48 89 7d f8          	mov    %rdi,-0x8(%rbp)
  400b9a:	48 8b 45 f8          	mov    -0x8(%rbp),%rax
  400b9e:	48 8b 40 10          	mov    0x10(%rax),%rax
  400ba2:	48 8b 55 f8          	mov    -0x8(%rbp),%rdx
  400ba6:	8b 12                	mov    (%rdx),%edx
  400ba8:	66 89 10             	mov    %dx,(%rax)
  400bab:	48 8b 45 f8          	mov    -0x8(%rbp),%rax
  400baf:	48 8b 40 10          	mov    0x10(%rax),%rax
  400bb3:	48 8b 55 f8          	mov    -0x8(%rbp),%rdx
  400bb7:	8b 52 04             	mov    0x4(%rdx),%edx
  400bba:	66 89 50 02          	mov    %dx,0x2(%rax)
  400bbe:	48 8b 45 f8          	mov    -0x8(%rbp),%rax
  400bc2:	48 8b 40 10          	mov    0x10(%rax),%rax
  400bc6:	48 8b 55 f8          	mov    -0x8(%rbp),%rdx
  400bca:	8b 52 08             	mov    0x8(%rdx),%edx
  400bcd:	66 89 50 04          	mov    %dx,0x4(%rax)
  400bd1:	48 8b 45 f8          	mov    -0x8(%rbp),%rax
  400bd5:	48 8b 40 10          	mov    0x10(%rax),%rax
  400bd9:	48 8b 55 f8          	mov    -0x8(%rbp),%rdx
  400bdd:	8b 52 0c             	mov    0xc(%rdx),%edx
  400be0:	66 89 50 06          	mov    %dx,0x6(%rax)
  400be4:	90                   	nop
  400be5:	5d                   	pop    %rbp
  400be6:	c3                   	retq   
  400be7:	90                   	nop

0000000000400be8 <_ZN4HeroC1EPKcS1_ii>:
  400be8:	55                   	push   %rbp
  400be9:	48 89 e5             	mov    %rsp,%rbp
  400bec:	48 83 ec 20          	sub    $0x20,%rsp
  400bf0:	48 89 7d f8          	mov    %rdi,-0x8(%rbp)
  400bf4:	48 89 75 f0          	mov    %rsi,-0x10(%rbp)
  400bf8:	48 89 55 e8          	mov    %rdx,-0x18(%rbp)
  400bfc:	89 4d e4             	mov    %ecx,-0x1c(%rbp)
  400bff:	44 89 45 e0          	mov    %r8d,-0x20(%rbp)
  400c03:	48 8b 45 f8          	mov    -0x8(%rbp),%rax
  400c07:	48 83 c0 04          	add    $0x4,%rax
  400c0b:	48 89 c7             	mov    %rax,%rdi
  400c0e:	e8 43 fd ff ff       	callq  400956 <_ZN9AnimationC1Ev>
  400c13:	48 8b 45 f8          	mov    -0x8(%rbp),%rax
  400c17:	48 8b 55 f0          	mov    -0x10(%rbp),%rdx
  400c1b:	48 89 50 38          	mov    %rdx,0x38(%rax)
  400c1f:	48 8b 45 f8          	mov    -0x8(%rbp),%rax
  400c23:	8b 55 e4             	mov    -0x1c(%rbp),%edx
  400c26:	89 50 40             	mov    %edx,0x40(%rax)
  400c29:	48 8b 45 f8          	mov    -0x8(%rbp),%rax
  400c2d:	8b 55 e0             	mov    -0x20(%rbp),%edx
  400c30:	89 50 44             	mov    %edx,0x44(%rax)
  400c33:	48 8b 55 e8          	mov    -0x18(%rbp),%rdx
  400c37:	48 8b 45 f8          	mov    -0x8(%rbp),%rax
  400c3b:	48 89 d6             	mov    %rdx,%rsi
  400c3e:	48 89 c7             	mov    %rax,%rdi
  400c41:	e8 04 00 00 00       	callq  400c4a <_ZN4Hero10loadSpriteEPKc>
  400c46:	90                   	nop
  400c47:	c9                   	leaveq 
  400c48:	c3                   	retq   
  400c49:	90                   	nop

0000000000400c4a <_ZN4Hero10loadSpriteEPKc>:
  400c4a:	55                   	push   %rbp
  400c4b:	48 89 e5             	mov    %rsp,%rbp
  400c4e:	48 89 7d f8          	mov    %rdi,-0x8(%rbp)
  400c52:	48 89 75 f0          	mov    %rsi,-0x10(%rbp)
  400c56:	90                   	nop
  400c57:	5d                   	pop    %rbp
  400c58:	c3                   	retq   

0000000000400c59 <main>:
  400c59:	55                   	push   %rbp
  400c5a:	48 89 e5             	mov    %rsp,%rbp
  400c5d:	48 83 ec 20          	sub    $0x20,%rsp
  400c61:	48 c7 45 f8 00 00 00 	movq   $0x0,-0x8(%rbp)
  400c68:	00 
  400c69:	48 c7 45 f0 00 00 00 	movq   $0x0,-0x10(%rbp)
  400c70:	00 
  400c71:	bf ff ff 00 00       	mov    $0xffff,%edi
  400c76:	e8 85 fb ff ff       	callq  400800 <SDL_Init@plt>
  400c7b:	b9 00 00 00 00       	mov    $0x0,%ecx
  400c80:	ba 20 00 00 00       	mov    $0x20,%edx
  400c85:	be e0 01 00 00       	mov    $0x1e0,%esi
  400c8a:	bf 80 02 00 00       	mov    $0x280,%edi
  400c8f:	e8 8c fb ff ff       	callq  400820 <SDL_SetVideoMode@plt>
  400c94:	48 89 45 f0          	mov    %rax,-0x10(%rbp)
  400c98:	be 94 0d 40 00       	mov    $0x400d94,%esi
  400c9d:	bf 97 0d 40 00       	mov    $0x400d97,%edi
  400ca2:	e8 29 fb ff ff       	callq  4007d0 <SDL_RWFromFile@plt>
  400ca7:	be 01 00 00 00       	mov    $0x1,%esi
  400cac:	48 89 c7             	mov    %rax,%rdi
  400caf:	e8 5c fb ff ff       	callq  400810 <SDL_LoadBMP_RW@plt>
  400cb4:	48 89 45 f8          	mov    %rax,-0x8(%rbp)
  400cb8:	66 c7 45 e0 00 00    	movw   $0x0,-0x20(%rbp)
  400cbe:	66 c7 45 e2 00 00    	movw   $0x0,-0x1e(%rbp)
  400cc4:	66 c7 45 e4 20 00    	movw   $0x20,-0x1c(%rbp)
  400cca:	66 c7 45 e6 20 00    	movw   $0x20,-0x1a(%rbp)
  400cd0:	48 8b 55 f0          	mov    -0x10(%rbp),%rdx
  400cd4:	48 8d 75 e0          	lea    -0x20(%rbp),%rsi
  400cd8:	48 8b 45 f8          	mov    -0x8(%rbp),%rax
  400cdc:	b9 00 00 00 00       	mov    $0x0,%ecx
  400ce1:	48 89 c7             	mov    %rax,%rdi
  400ce4:	e8 07 fb ff ff       	callq  4007f0 <SDL_UpperBlit@plt>
  400ce9:	48 8b 45 f0          	mov    -0x10(%rbp),%rax
  400ced:	48 89 c7             	mov    %rax,%rdi
  400cf0:	e8 cb fa ff ff       	callq  4007c0 <SDL_Flip@plt>
  400cf5:	bf d0 07 00 00       	mov    $0x7d0,%edi
  400cfa:	e8 e1 fa ff ff       	callq  4007e0 <SDL_Delay@plt>
  400cff:	e8 ac fa ff ff       	callq  4007b0 <SDL_Quit@plt>
  400d04:	b8 00 00 00 00       	mov    $0x0,%eax
  400d09:	c9                   	leaveq 
  400d0a:	c3                   	retq   
  400d0b:	0f 1f 44 00 00       	nopl   0x0(%rax,%rax,1)

0000000000400d10 <__libc_csu_init>:
  400d10:	41 57                	push   %r15
  400d12:	41 89 ff             	mov    %edi,%r15d
  400d15:	41 56                	push   %r14
  400d17:	49 89 f6             	mov    %rsi,%r14
  400d1a:	41 55                	push   %r13
  400d1c:	49 89 d5             	mov    %rdx,%r13
  400d1f:	41 54                	push   %r12
  400d21:	4c 8d 25 30 04 20 00 	lea    0x200430(%rip),%r12        # 601158 <__frame_dummy_init_array_entry>
  400d28:	55                   	push   %rbp
  400d29:	48 8d 2d 30 04 20 00 	lea    0x200430(%rip),%rbp        # 601160 <__init_array_end>
  400d30:	53                   	push   %rbx
  400d31:	4c 29 e5             	sub    %r12,%rbp
  400d34:	31 db                	xor    %ebx,%ebx
  400d36:	48 c1 fd 03          	sar    $0x3,%rbp
  400d3a:	48 83 ec 08          	sub    $0x8,%rsp
  400d3e:	e8 35 fa ff ff       	callq  400778 <_init>
  400d43:	48 85 ed             	test   %rbp,%rbp
  400d46:	74 1e                	je     400d66 <__libc_csu_init+0x56>
  400d48:	0f 1f 84 00 00 00 00 	nopl   0x0(%rax,%rax,1)
  400d4f:	00 
  400d50:	4c 89 ea             	mov    %r13,%rdx
  400d53:	4c 89 f6             	mov    %r14,%rsi
  400d56:	44 89 ff             	mov    %r15d,%edi
  400d59:	41 ff 14 dc          	callq  *(%r12,%rbx,8)
  400d5d:	48 83 c3 01          	add    $0x1,%rbx
  400d61:	48 39 eb             	cmp    %rbp,%rbx
  400d64:	75 ea                	jne    400d50 <__libc_csu_init+0x40>
  400d66:	48 83 c4 08          	add    $0x8,%rsp
  400d6a:	5b                   	pop    %rbx
  400d6b:	5d                   	pop    %rbp
  400d6c:	41 5c                	pop    %r12
  400d6e:	41 5d                	pop    %r13
  400d70:	41 5e                	pop    %r14
  400d72:	41 5f                	pop    %r15
  400d74:	c3                   	retq   
  400d75:	90                   	nop
  400d76:	66 2e 0f 1f 84 00 00 	nopw   %cs:0x0(%rax,%rax,1)
  400d7d:	00 00 00 

0000000000400d80 <__libc_csu_fini>:
  400d80:	f3 c3                	repz retq 

Disassembly of section .fini:

0000000000400d84 <_fini>:
  400d84:	48 83 ec 08          	sub    $0x8,%rsp
  400d88:	48 83 c4 08          	add    $0x8,%rsp
  400d8c:	c3                   	retq   
